<?xml version="1.0" encoding="UTF-8" ?>
<testsuite tests="1" failures="0" name="TestSuite" time="1.298" errors="0" skipped="0">
  <properties>
    <property name="java.vendor" value="Oracle Corporation"/>
    <property name="JOB_NAME" value="MavenTest"/>
    <property name="PWD" value="/Users/alice/Documents"/>
    <property name="sun.java.launcher" value="SUN_STANDARD"/>
    <property name="sun.management.compiler" value="HotSpot 64-Bit Tiered Compilers"/>
    <property name="JENKINS_HOME" value="/var/jenkins_home"/>
    <property name="PATH" value="/usr/bin:/usr/local/bin:/usr/bin:/bin:/usr/sbin:/sbin"/>
    <property name="HUDSON_SERVER_COOKIE" value="37ff13ca34c46d33"/>
    <property name="POM_ARTIFACTID" value="SeleniumTest"/>
    <property name="os.name" value="Mac OS X"/>
    <property name="TERM_PROGRAM" value="Apple_Terminal"/>
    <property name="sun.boot.class.path" value="/Library/Java/JavaVirtualMachines/jdk1.8.0_102.jdk/Contents/Home/jre/lib/resources.jar:/Library/Java/JavaVirtualMachines/jdk1.8.0_102.jdk/Contents/Home/jre/lib/rt.jar:/Library/Java/JavaVirtualMachines/jdk1.8.0_102.jdk/Contents/Home/jre/lib/sunrsasign.jar:/Library/Java/JavaVirtualMachines/jdk1.8.0_102.jdk/Contents/Home/jre/lib/jsse.jar:/Library/Java/JavaVirtualMachines/jdk1.8.0_102.jdk/Contents/Home/jre/lib/jce.jar:/Library/Java/JavaVirtualMachines/jdk1.8.0_102.jdk/Contents/Home/jre/lib/charsets.jar:/Library/Java/JavaVirtualMachines/jdk1.8.0_102.jdk/Contents/Home/jre/lib/jfr.jar:/Library/Java/JavaVirtualMachines/jdk1.8.0_102.jdk/Contents/Home/jre/classes"/>
    <property name="EXECUTOR_NUMBER" value="0"/>
    <property name="TERM_SESSION_ID" value="A8352F66-E9C7-4342-9E18-60FB72299483"/>
    <property name="java.vm.specification.vendor" value="Oracle Corporation"/>
    <property name="POM_DISPLAYNAME" value="SeleniumTest"/>
    <property name="NODE_LABELS" value="mac"/>
    <property name="java.runtime.version" value="1.8.0_102-b14"/>
    <property name="user.name" value="alice"/>
    <property name="guice.disable.misplaced.annotation.check" value="true"/>
    <property name="SECURITYSESSIONID" value="186e0"/>
    <property name="user.language" value="en"/>
    <property name="JOB_BASE_NAME" value="MavenTest"/>
    <property name="RUN_CHANGES_DISPLAY_URL" value="http://unconfigured-jenkins-location/job/MavenTest/2/display/redirect?page=changes"/>
    <property name="BUILD_DISPLAY_NAME" value="#2"/>
    <property name="TMPDIR" value="/var/folders/q5/r4qv5bpj2fsbsfp_gt3tjyjh0000gp/T/"/>
    <property name="sun.boot.library.path" value="/Library/Java/JavaVirtualMachines/jdk1.8.0_102.jdk/Contents/Home/jre/lib"/>
    <property name="java.version" value="1.8.0_102"/>
    <property name="XPC_FLAGS" value="0x0"/>
    <property name="user.timezone" value="Asia/Shanghai"/>
    <property name="sun.arch.data.model" value="64"/>
    <property name="NODE_NAME" value="mac"/>
    <property name="TERM" value="xterm-256color"/>
    <property name="java.endorsed.dirs" value="/Library/Java/JavaVirtualMachines/jdk1.8.0_102.jdk/Contents/Home/jre/lib/endorsed"/>
    <property name="BUILD_ID" value="2"/>
    <property name="sun.cpu.isalist" value=""/>
    <property name="sun.jnu.encoding" value="UTF-8"/>
    <property name="file.encoding.pkg" value="sun.io"/>
    <property name="SHELL" value="/bin/bash"/>
    <property name="file.separator" value="/"/>
    <property name="java.specification.name" value="Java Platform API Specification"/>
    <property name="maven.conf" value="/Users/alice/Documents/jenkins_node_stuq/tools/hudson.tasks.Maven_MavenInstallation/maven/conf"/>
    <property name="java.class.version" value="52.0"/>
    <property name="org.slf4j.simpleLogger.defaultLogLevel" value="info"/>
    <property name="user.country" value="US"/>
    <property name="java.home" value="/Library/Java/JavaVirtualMachines/jdk1.8.0_102.jdk/Contents/Home/jre"/>
    <property name="java.vm.info" value="mixed mode"/>
    <property name="os.version" value="10.12.6"/>
    <property name="RUN_DISPLAY_URL" value="http://unconfigured-jenkins-location/job/MavenTest/2/display/redirect"/>
    <property name="POM_VERSION" value="0.0.1-SNAPSHOT"/>
    <property name="sun.font.fontmanager" value="sun.font.CFontManager"/>
    <property name="path.separator" value=":"/>
    <property name="java.vm.version" value="25.102-b14"/>
    <property name="JOB_DISPLAY_URL" value="http://unconfigured-jenkins-location/job/MavenTest/display/redirect"/>
    <property name="SHLVL" value="1"/>
    <property name="_" value="/usr/bin/java"/>
    <property name="java.awt.printerjob" value="sun.lwawt.macosx.CPrinterJob"/>
    <property name="JAVA_HOME" value="/usr"/>
    <property name="sun.io.unicode.encoding" value="UnicodeBig"/>
    <property name="awt.toolkit" value="sun.lwawt.macosx.LWCToolkit"/>
    <property name="LOGNAME" value="alice"/>
    <property name="POM_PACKAGING" value="jar"/>
    <property name="HOME" value="/Users/alice"/>
    <property name="POM_GROUPID" value="SeleniumTest"/>
    <property name="user.home" value="/Users/alice"/>
    <property name="BUILD_TAG" value="jenkins-MavenTest-2"/>
    <property name="JENKINS_SERVER_COOKIE" value="37ff13ca34c46d33"/>
    <property name="XPC_SERVICE_NAME" value="0"/>
    <property name="java.specification.vendor" value="Oracle Corporation"/>
    <property name="CLASSPATH" value=""/>
    <property name="java.vendor.url" value="http://java.oracle.com/"/>
    <property name="java.library.path" value="/Users/alice/Library/Java/Extensions:/Library/Java/Extensions:/Network/Library/Java/Extensions:/System/Library/Java/Extensions:/usr/lib/java:."/>
    <property name="Apple_PubSub_Socket_Render" value="/private/tmp/com.apple.launchd.fyvggMQKPS/Render"/>
    <property name="gopherProxySet" value="false"/>
    <property name="java.vm.vendor" value="Oracle Corporation"/>
    <property name="java.runtime.name" value="Java(TM) SE Runtime Environment"/>
    <property name="maven.home" value="/Users/alice/Documents/jenkins_node_stuq/tools/hudson.tasks.Maven_MavenInstallation/maven"/>
    <property name="java.class.path" value="/Users/alice/Documents/jenkins_node_stuq/maven35-agent.jar:/Users/alice/Documents/jenkins_node_stuq/tools/hudson.tasks.Maven_MavenInstallation/maven/boot/plexus-classworlds-2.5.2.jar:/Users/alice/Documents/jenkins_node_stuq/tools/hudson.tasks.Maven_MavenInstallation/maven/conf/logging"/>
    <property name="sun.java.command" value="jenkins.maven3.agent.Maven35Main /Users/alice/Documents/jenkins_node_stuq/tools/hudson.tasks.Maven_MavenInstallation/maven /Users/alice/Documents/slave.jar /Users/alice/Documents/jenkins_node_stuq/maven35-interceptor.jar /Users/alice/Documents/jenkins_node_stuq/maven3-interceptor-commons.jar 64076"/>
    <property name="java.vm.specification.name" value="Java Virtual Machine Specification"/>
    <property name="PATH+JDK" value="/usr/bin"/>
    <property name="java.vm.specification.version" value="1.8"/>
    <property name="sun.os.patch.level" value="unknown"/>
    <property name="sun.cpu.endian" value="little"/>
    <property name="M2_HOME" value="/Users/alice/Documents/jenkins_node_stuq/tools/hudson.tasks.Maven_MavenInstallation/maven"/>
    <property name="JAVA_MAIN_CLASS_78395" value="hudson.remoting.Launcher"/>
    <property name="java.io.tmpdir" value="/var/folders/q5/r4qv5bpj2fsbsfp_gt3tjyjh0000gp/T/"/>
    <property name="HUDSON_HOME" value="/var/jenkins_home"/>
    <property name="PATH+MAVEN" value="/Users/alice/Documents/jenkins_node_stuq/tools/hudson.tasks.Maven_MavenInstallation/maven/bin"/>
    <property name="java.vendor.url.bug" value="http://bugreport.sun.com/bugreport/"/>
    <property name="OLDPWD" value="/Users/alice/Documents/jenkins_node_stuq"/>
    <property name="SSH_AUTH_SOCK" value="/private/tmp/com.apple.launchd.Li3Yf5RzqC/Listeners"/>
    <property name="java.awt.graphicsenv" value="sun.awt.CGraphicsEnvironment"/>
    <property name="os.arch" value="x86_64"/>
    <property name="com.apple.java.jvmTask" value="CommandLine"/>
    <property name="java.ext.dirs" value="/Users/alice/Library/Java/Extensions:/Library/Java/JavaVirtualMachines/jdk1.8.0_102.jdk/Contents/Home/jre/lib/ext:/Library/Java/Extensions:/Network/Library/Java/Extensions:/System/Library/Java/Extensions:/usr/lib/java"/>
    <property name="__CF_USER_TEXT_ENCODING" value="0x1F6:0x0:0x0"/>
    <property name="user.dir" value="/Users/alice/eclipse-workspace/SeleniumTest"/>
    <property name="line.separator" value="
"/>
    <property name="JAVA_ARCH" value="x86_64"/>
    <property name="MAVEN_HOME" value="/Users/alice/Documents/jenkins_node_stuq/tools/hudson.tasks.Maven_MavenInstallation/maven"/>
    <property name="java.vm.name" value="Java HotSpot(TM) 64-Bit Server VM"/>
    <property name="BUILD_NUMBER" value="2"/>
    <property name="TERM_PROGRAM_VERSION" value="388.1.1"/>
    <property name="file.encoding" value="UTF-8"/>
    <property name="LANG" value="en_US.UTF-8"/>
    <property name="maven3.interceptor" value="/Users/alice/Documents/jenkins_node_stuq/maven35-interceptor.jar"/>
    <property name="WORKSPACE" value="/Users/alice/Documents/jenkins_node_stuq/workspace/MavenTest"/>
    <property name="maven3.interceptor.common" value="/Users/alice/Documents/jenkins_node_stuq/maven3-interceptor-commons.jar"/>
    <property name="java.specification.version" value="1.8"/>
    <property name="USER" value="alice"/>
  </properties>
  <testcase classname="example.NewTest" name="test" time="1.298"/>
</testsuite>