<?xml version="1.0" encoding="UTF-8"?>
<!-- Generated by org.testng.reporters.JUnitReportReporter -->
<testsuite hostname="localhost" name="example.NewTest" tests="1" failures="0" timestamp="24 Oct 2017 07:37:48 GMT" time="1.299" errors="0">
  <testcase name="test" time="1.299" classname="example.NewTest"/>
</testsuite> <!-- example.NewTest -->
